<?xml version="1.0" encoding="UTF-8"?>
<testng-results skipped="0" failed="0" ignored="0" total="1" passed="1">
  <reporter-output>
  </reporter-output>
  <suite name="Default suite" duration-ms="23926" started-at="2019-05-08T11:01:01Z" finished-at="2019-05-08T11:01:25Z">
    <groups>
    </groups>
    <test name="Default test" duration-ms="23926" started-at="2019-05-08T11:01:01Z" finished-at="2019-05-08T11:01:25Z">
      <class name="com.package1.NewTest">
        <test-method status="PASS" signature="f()[pri:0, instance:com.package1.NewTest@1593948d]" name="f" duration-ms="23869" started-at="2019-05-08T11:01:01Z" finished-at="2019-05-08T11:01:25Z">
          <reporter-output>
          </reporter-output>
        </test-method> <!-- f -->
      </class> <!-- com.package1.NewTest -->
    </test> <!-- Default test -->
  </suite> <!-- Default suite -->
</testng-results>
